[INFO ] 21:22:56.056 - [main] - d.f.k.d.AlarmFaxDispatcher - Alarmfax-Dispatcher started...
[INFO ] 21:27:11.277 - [main] - d.f.k.d.AlarmFaxDispatcher - Alarmfax-Dispatcher started...
[INFO ] 21:27:11.309 - [main] - d.f.k.d.c.Config - 
Konfiguration:
=======================
BOSMON_USER:                  
------------------------------------------------------------
SMTP_USER:                    h254832_0-alarmfax
------------------------------------------------------------
BOSMON_PASS:                  
------------------------------------------------------------
SMTP_PASS:                    feuerwehr112911
------------------------------------------------------------
BOSMON_SERVER_PORT:           80
------------------------------------------------------------
DO_OCR:                       true
------------------------------------------------------------
ABBYY_OCR_API_KEY:            gvg4I1hKex0k75DOFMEezlVQ
------------------------------------------------------------
FORCE_RIC:                    
------------------------------------------------------------
RIC_MAPPING_FILE:             /home/jhomuth/projekte/alarmfax-dispatcher/src/main/resources/ricmapping.properties
------------------------------------------------------------
SENDER_ADDRESS_VALIDATION:    true
------------------------------------------------------------
LINE_SEPARATOR:               |
------------------------------------------------------------
KEYWORD_FILE:                 /home/jhomuth/projekte/alarmfax-dispatcher/src/main/resources/keywords.csv
------------------------------------------------------------
ALARM_SUPRESS_TIME:           5
------------------------------------------------------------
IMAP_SERVER:                  imap.1blu.de
------------------------------------------------------------
SMTP_HOST:                    smtp.1blu.de
------------------------------------------------------------
BOSMON_SERVER_NAME:           127.0.0.1
------------------------------------------------------------
MAX_ALARM_AGE:                5
------------------------------------------------------------
RETURN_TEST_TXT:              false
------------------------------------------------------------
DEBUG_MAIL:                   false
------------------------------------------------------------
SMTP_FROM:                    alarmfax@feuerwehr-kremmen.de
------------------------------------------------------------
BOSMON_CHANNEL_NAME:          in
------------------------------------------------------------
POLLING_SECONDS:              10
------------------------------------------------------------
IMAP_USER:                    h254832_0-alarmfax
------------------------------------------------------------
ALLOWED_SENDER:               alarm@ffw-beetz-sommerfeld.de
------------------------------------------------------------
ABBYY_OCR_APPLICATION_ID:     faxToBosmon
------------------------------------------------------------
IMAP_PASS:                    feuerwehr112911
------------------------------------------------------------


